<?xml version="1.0" encoding="UTF-8"?>
<!-- Generated by org.testng.reporters.JUnitReportReporter -->
<testsuite hostname="Kalpeshs-MacBook-Pro.local" failures="0" tests="1" name="com.dkatalislabs.TestRunner.TestRunner" time="46.804" errors="0" timestamp="2020-08-12T12:40:12 IST" skipped="0">
  <testcase classname="com.dkatalislabs.TestRunner.TestRunner" name="feature" time="46.804"/>
  <system-out/>
</testsuite> <!-- com.dkatalislabs.TestRunner.TestRunner -->
