<?xml version="1.0" encoding="UTF-8"?>
<!-- Generated by org.testng.reporters.JUnitReportReporter -->
<testsuite hostname="Kalpeshs-MacBook-Pro.local" failures="0" tests="1" name="com.dkatalislabs.TestRunner.TestRunner" time="55.112" errors="0" timestamp="2020-08-14T09:37:36 IST" skipped="0">
  <testcase classname="com.dkatalislabs.TestRunner.TestRunner" name="feature" time="55.112"/>
  <system-out/>
</testsuite> <!-- com.dkatalislabs.TestRunner.TestRunner -->
