<?xml version="1.0" encoding="UTF-8"?>
<!-- Generated by org.testng.reporters.JUnitReportReporter -->
<testsuite hostname="Kalpeshs-MacBook-Pro.local" failures="0" tests="1" name="com.dkatalislabs.TestRunner.TestRunner" time="56.806" errors="0" timestamp="2020-08-14T10:32:05 IST" skipped="0">
  <testcase classname="com.dkatalislabs.TestRunner.TestRunner" name="feature" time="56.806"/>
  <system-out/>
</testsuite> <!-- com.dkatalislabs.TestRunner.TestRunner -->
