<?xml version="1.0" encoding="UTF-8"?>
<!-- Generated by org.testng.reporters.JUnitReportReporter -->
<<<<<<< HEAD
<testsuite hostname="Kalpeshs-MacBook-Pro.local" failures="0" tests="1" name="com.dkatalislabs.TestRunner.TestRunner" time="52.888" errors="0" timestamp="2020-08-15T16:49:43 IST" skipped="0">
  <testcase classname="com.dkatalislabs.TestRunner.TestRunner" name="feature" time="52.888"/>
=======
<testsuite hostname="Kalpeshs-MacBook-Pro.local" failures="0" tests="1" name="com.dkatalislabs.TestRunner.TestRunner" time="53.140" errors="0" timestamp="2020-08-15T12:37:30 IST" skipped="0">
  <testcase classname="com.dkatalislabs.TestRunner.TestRunner" name="feature" time="53.140"/>
>>>>>>> 5585daa5a0ccdb6e341beb701c7d20eb1e341890
  <system-out/>
</testsuite> <!-- com.dkatalislabs.TestRunner.TestRunner -->
